# JRE version: OpenJDK Runtime Environment (11.0.6+8) (build 11.0.6+8-b520.43)
# Java VM: OpenJDK 64-Bit Server VM (11.0.6+8-b520.43, mixed mode, tiered, compressed oops, g1 gc, windows-amd64)
Heap:
 garbage-first heap   total 260096K, used 18703K [0x0000000703000000, 0x0000000800000000)
  region size 1024K, 11 young (11264K), 6 survivors (6144K)
 Metaspace       used 35780K, capacity 36720K, committed 36812K, reserved 1087488K
  class space    used 4277K, capacity 4626K, committed 4684K, reserved 1048576K
GC Heap History (10 events):
Event: 1.758 GC heap before
{Heap before GC invocations=0 (full 0):
 garbage-first heap   total 260096K, used 14336K [0x0000000703000000, 0x0000000800000000)
  region size 1024K, 14 young (14336K), 0 survivors (0K)
 Metaspace       used 9795K, capacity 9992K, committed 10240K, reserved 1058816K
  class space    used 897K, capacity 946K, committed 1024K, reserved 1048576K
}
Event: 1.809 GC heap after
{Heap after GC invocations=1 (full 0):
 garbage-first heap   total 260096K, used 6247K [0x0000000703000000, 0x0000000800000000)
  region size 1024K, 2 young (2048K), 2 survivors (2048K)
 Metaspace       used 9795K, capacity 9992K, committed 10240K, reserved 1058816K
  class space    used 897K, capacity 946K, committed 1024K, reserved 1048576K
}
Event: 3.062 GC heap before
{Heap before GC invocations=1 (full 0):
 garbage-first heap   total 260096K, used 51303K [0x0000000703000000, 0x0000000800000000)
  region size 1024K, 47 young (48128K), 2 survivors (2048K)
 Metaspace       used 20783K, capacity 21224K, committed 21248K, reserved 1069056K
  class space    used 2340K, capacity 2536K, committed 2560K, reserved 1048576K
}
Event: 3.071 GC heap after
{Heap after GC invocations=2 (full 0):
 garbage-first heap   total 260096K, used 8877K [0x0000000703000000, 0x0000000800000000)
  region size 1024K, 5 young (5120K), 5 survivors (5120K)
 Metaspace       used 20783K, capacity 21224K, committed 21248K, reserved 1069056K
  class space    used 2340K, capacity 2536K, committed 2560K, reserved 1048576K
}
Event: 3.404 GC heap before
{Heap before GC invocations=3 (full 0):
 garbage-first heap   total 260096K, used 28333K [0x0000000703000000, 0x0000000800000000)
  region size 1024K, 25 young (25600K), 5 survivors (5120K)
 Metaspace       used 25365K, capacity 25874K, committed 25984K, reserved 1073152K
  class space    used 2955K, capacity 3152K, committed 3200K, reserved 1048576K
}
Event: 3.417 GC heap after
{Heap after GC invocations=4 (full 0):
 garbage-first heap   total 260096K, used 9487K [0x0000000703000000, 0x0000000800000000)
  region size 1024K, 1 young (1024K), 1 survivors (1024K)
 Metaspace       used 25365K, capacity 25874K, committed 25984K, reserved 1073152K
  class space    used 2955K, capacity 3152K, committed 3200K, reserved 1048576K
}
Event: 4.817 GC heap before
{Heap before GC invocations=4 (full 0):
 garbage-first heap   total 260096K, used 60687K [0x0000000703000000, 0x0000000800000000)
  region size 1024K, 52 young (53248K), 1 survivors (1024K)
 Metaspace       used 26733K, capacity 27320K, committed 27392K, reserved 1073152K
  class space    used 3067K, capacity 3306K, committed 3328K, reserved 1048576K
}
Event: 4.822 GC heap after
{Heap after GC invocations=5 (full 0):
 garbage-first heap   total 260096K, used 11254K [0x0000000703000000, 0x0000000800000000)
  region size 1024K, 3 young (3072K), 3 survivors (3072K)
 Metaspace       used 26733K, capacity 27320K, committed 27392K, reserved 1073152K
  class space    used 3067K, capacity 3306K, committed 3328K, reserved 1048576K
}
Event: 6.337 GC heap before
{Heap before GC invocations=5 (full 0):
 garbage-first heap   total 260096K, used 75766K [0x0000000703000000, 0x0000000800000000)
  region size 1024K, 67 young (68608K), 3 survivors (3072K)
 Metaspace       used 31016K, capacity 31731K, committed 31872K, reserved 1077248K
  class space    used 3626K, capacity 3913K, committed 3968K, reserved 1048576K
}
Event: 6.348 GC heap after
{Heap after GC invocations=6 (full 0):
 garbage-first heap   total 260096K, used 13060K [0x0000000703000000, 0x0000000800000000)
  region size 1024K, 5 young (5120K), 5 survivors (5120K)
 Metaspace       used 31016K, capacity 31731K, committed 31872K, reserved 1077248K
  class space    used 3626K, capacity 3913K, committed 3968K, reserved 1048576K
}

